生成启动时间为 2/11/2017 11:51:19 PM。
     1>项目“E:\laboratory\mygithub\nowcoder\nowcoder\nowcoder\nowcoder.vcxproj”在节点 2 上(Build 个目标)。
     1>ClCompile:
         D:\Program Files (x86)\Microsoft Visual Studio 12.0\VC\bin\CL.exe /c /ZI /nologo /W3 /WX- /sdl /Od /Oy- /D WIN32 /D _DEBUG /D _CONSOLE /D _LIB /D _UNICODE /D UNICODE /Gm /EHsc /RTC1 /MDd /GS /fp:precise /Zc:wchar_t /Zc:forScope /Fo"Debug\\" /Fd"Debug\vc120.pdb" /Gd /TP /analyze- /errorReport:prompt -D_SCL_SECURE_NO_WARNINGS jianzhioffer.cpp
         jianzhioffer.cpp
     1>e:\laboratory\mygithub\nowcoder\nowcoder\nowcoder\jianzhioffer.cpp(30): warning C4244: “=”: 从“double”转换到“float”，可能丢失数据
     1>e:\laboratory\mygithub\nowcoder\nowcoder\nowcoder\jianzhioffer.cpp(66): warning C4018: “<”: 有符号/无符号不匹配
     1>e:\laboratory\mygithub\nowcoder\nowcoder\nowcoder\jianzhioffer.cpp(265): warning C4018: “<”: 有符号/无符号不匹配
     1>e:\laboratory\mygithub\nowcoder\nowcoder\nowcoder\jianzhioffer.cpp(287): warning C4018: “<”: 有符号/无符号不匹配
     1>e:\laboratory\mygithub\nowcoder\nowcoder\nowcoder\jianzhioffer.cpp(292): warning C4018: “>”: 有符号/无符号不匹配
     1>e:\laboratory\mygithub\nowcoder\nowcoder\nowcoder\jianzhioffer.cpp(313): warning C4018: “<”: 有符号/无符号不匹配
     1>e:\laboratory\mygithub\nowcoder\nowcoder\nowcoder\jianzhioffer.cpp(409): warning C4018: “<”: 有符号/无符号不匹配
     1>e:\laboratory\mygithub\nowcoder\nowcoder\nowcoder\jianzhioffer.cpp(515): warning C4018: “>”: 有符号/无符号不匹配
     1>e:\laboratory\mygithub\nowcoder\nowcoder\nowcoder\jianzhioffer.cpp(519): warning C4018: “<”: 有符号/无符号不匹配
     1>e:\laboratory\mygithub\nowcoder\nowcoder\nowcoder\jianzhioffer.cpp(525): warning C4018: “<”: 有符号/无符号不匹配
     1>e:\laboratory\mygithub\nowcoder\nowcoder\nowcoder\jianzhioffer.cpp(528): warning C4018: “<”: 有符号/无符号不匹配
     1>e:\laboratory\mygithub\nowcoder\nowcoder\nowcoder\jianzhioffer.cpp(554): warning C4018: “<”: 有符号/无符号不匹配
     1>e:\laboratory\mygithub\nowcoder\nowcoder\nowcoder\jianzhioffer.cpp(558): warning C4018: “<”: 有符号/无符号不匹配
     1>e:\laboratory\mygithub\nowcoder\nowcoder\nowcoder\jianzhioffer.cpp(564): warning C4018: “>”: 有符号/无符号不匹配
     1>e:\laboratory\mygithub\nowcoder\nowcoder\nowcoder\jianzhioffer.cpp(626): warning C4018: “<”: 有符号/无符号不匹配
     1>e:\laboratory\mygithub\nowcoder\nowcoder\nowcoder\jianzhioffer.cpp(633): warning C4018: “<”: 有符号/无符号不匹配
     1>e:\laboratory\mygithub\nowcoder\nowcoder\nowcoder\jianzhioffer.cpp(713): warning C4018: “<”: 有符号/无符号不匹配
     1>e:\laboratory\mygithub\nowcoder\nowcoder\nowcoder\jianzhioffer.cpp(718): warning C4018: “<”: 有符号/无符号不匹配
     1>e:\laboratory\mygithub\nowcoder\nowcoder\nowcoder\jianzhioffer.cpp(772): warning C4018: “<”: 有符号/无符号不匹配
     1>e:\laboratory\mygithub\nowcoder\nowcoder\nowcoder\jianzhioffer.cpp(923): warning C4018: “<”: 有符号/无符号不匹配
     1>e:\laboratory\mygithub\nowcoder\nowcoder\nowcoder\jianzhioffer.cpp(926): warning C4018: “<”: 有符号/无符号不匹配
     1>e:\laboratory\mygithub\nowcoder\nowcoder\nowcoder\jianzhioffer.cpp(962): warning C4018: “<”: 有符号/无符号不匹配
     1>e:\laboratory\mygithub\nowcoder\nowcoder\nowcoder\jianzhioffer.cpp(965): warning C4018: “<”: 有符号/无符号不匹配
     1>e:\laboratory\mygithub\nowcoder\nowcoder\nowcoder\jianzhioffer.cpp(1017): warning C4018: “<”: 有符号/无符号不匹配
     1>e:\laboratory\mygithub\nowcoder\nowcoder\nowcoder\jianzhioffer.cpp(1024): warning C4018: “<”: 有符号/无符号不匹配
     1>e:\laboratory\mygithub\nowcoder\nowcoder\nowcoder\jianzhioffer.cpp(1069): warning C4018: “<”: 有符号/无符号不匹配
     1>e:\laboratory\mygithub\nowcoder\nowcoder\nowcoder\jianzhioffer.cpp(1094): warning C4018: “<”: 有符号/无符号不匹配
     1>e:\laboratory\mygithub\nowcoder\nowcoder\nowcoder\jianzhioffer.cpp(1205): warning C4018: “<”: 有符号/无符号不匹配
     1>e:\laboratory\mygithub\nowcoder\nowcoder\nowcoder\jianzhioffer.cpp(1207): warning C4018: “<”: 有符号/无符号不匹配
     1>e:\laboratory\mygithub\nowcoder\nowcoder\nowcoder\jianzhioffer.cpp(1182): warning C4101: “resultNode”: 未引用的局部变量
       Link:
         D:\Program Files (x86)\Microsoft Visual Studio 12.0\VC\bin\link.exe /ERRORREPORT:PROMPT /OUT:"E:\laboratory\mygithub\nowcoder\nowcoder\Debug\jianzhioffer.exe" /INCREMENTAL /NOLOGO kernel32.lib user32.lib gdi32.lib winspool.lib comdlg32.lib advapi32.lib shell32.lib ole32.lib oleaut32.lib uuid.lib odbc32.lib odbccp32.lib /MANIFEST /MANIFESTUAC:"level='asInvoker' uiAccess='false'" /manifest:embed /DEBUG /PDB:"E:\laboratory\mygithub\nowcoder\nowcoder\Debug\jianzhioffer.pdb" /SUBSYSTEM:CONSOLE /TLBID:1 /DYNAMICBASE /NXCOMPAT /IMPLIB:"E:\laboratory\mygithub\nowcoder\nowcoder\Debug\jianzhioffer.lib" /MACHINE:X86 Debug\jianzhioffer.obj
         nowcoder.vcxproj -> E:\laboratory\mygithub\nowcoder\nowcoder\Debug\jianzhioffer.exe
     1>已完成生成项目“E:\laboratory\mygithub\nowcoder\nowcoder\nowcoder\nowcoder.vcxproj”(Build 个目标)的操作。

生成成功。

已用时间 00:00:00.82
